Copyright 1986-2020 Xilinx, Inc. All Rights Reserved.
-------------------------------------------------------------------------------------------------------------------------------------------------------------------
| Tool Version     : Vivado v.2020.2 (win64) Build 3064766 Wed Nov 18 09:12:45 MST 2020
| Date             : Wed Jun  4 14:04:46 2025
| Host             : DESKTOP-7CFQ9ND running 64-bit major release  (build 9200)
| Command          : report_power -file gaussian_filter_power_routed.rpt -pb gaussian_filter_power_summary_routed.pb -rpx gaussian_filter_power_routed.rpx
| Design           : gaussian_filter
| Device           : xc7a35tcpg236-1
| Design State     : routed
| Grade            : commercial
| Process          : typical
| Characterization : Production
-------------------------------------------------------------------------------------------------------------------------------------------------------------------

Power Report

Table of Contents
-----------------
1. Summary
1.1 On-Chip Components
1.2 Power Supply Summary
1.3 Confidence Level
2. Settings
2.1 Environment
2.2 Clock Constraints
3. Detailed Reports
3.1 By Hierarchy

1. Summary
----------

+--------------------------+----------------------------------+
| Total On-Chip Power (W)  | 15.525 (Junction temp exceeded!) |
| Design Power Budget (W)  | Unspecified*                     |
| Power Budget Margin (W)  | NA                               |
| Dynamic (W)              | 15.253                           |
| Device Static (W)        | 0.272                            |
| Effective TJA (C/W)      | 5.0                              |
| Max Ambient (C)          | 7.4                              |
| Junction Temperature (C) | 102.6                            |
| Confidence Level         | Low                              |
| Setting File             | ---                              |
| Simulation Activity File | ---                              |
| Design Nets Matched      | NA                               |
+--------------------------+----------------------------------+
* Specify Design Power Budget using, set_operating_conditions -design_power_budget <value in Watts>


1.1 On-Chip Components
----------------------

+--------------------------+-----------+----------+-----------+-----------------+
| On-Chip                  | Power (W) | Used     | Available | Utilization (%) |
+--------------------------+-----------+----------+-----------+-----------------+
| Slice Logic              |     4.161 |      684 |       --- |             --- |
|   LUT as Logic           |     3.808 |      252 |     20800 |            1.21 |
|   LUT as Distributed RAM |     0.239 |      160 |      9600 |            1.67 |
|   Register               |     0.077 |      176 |     41600 |            0.42 |
|   CARRY4                 |     0.031 |        9 |      8150 |            0.11 |
|   BUFG                   |     0.006 |        1 |        32 |            3.13 |
|   Others                 |     0.000 |        2 |       --- |             --- |
| Signals                  |     4.370 |      595 |       --- |             --- |
| I/O                      |     6.723 |       33 |       106 |           31.13 |
| Static Power             |     0.272 |          |           |                 |
| Total                    |    15.525 |          |           |                 |
+--------------------------+-----------+----------+-----------+-----------------+


1.2 Power Supply Summary
------------------------

+-----------+-------------+-----------+-------------+------------+-------------+-------------+------------+
| Source    | Voltage (V) | Total (A) | Dynamic (A) | Static (A) | Powerup (A) | Budget (A)  | Margin (A) |
+-----------+-------------+-----------+-------------+------------+-------------+-------------+------------+
| Vccint    |       1.000 |     8.766 |       8.595 |      0.172 |       NA    | Unspecified | NA         |
| Vccaux    |       1.800 |     0.577 |       0.545 |      0.032 |       NA    | Unspecified | NA         |
| Vcco33    |       3.300 |     0.000 |       0.000 |      0.000 |       NA    | Unspecified | NA         |
| Vcco25    |       2.500 |     0.000 |       0.000 |      0.000 |       NA    | Unspecified | NA         |
| Vcco18    |       1.800 |     3.155 |       3.154 |      0.001 |       NA    | Unspecified | NA         |
| Vcco15    |       1.500 |     0.000 |       0.000 |      0.000 |       NA    | Unspecified | NA         |
| Vcco135   |       1.350 |     0.000 |       0.000 |      0.000 |       NA    | Unspecified | NA         |
| Vcco12    |       1.200 |     0.000 |       0.000 |      0.000 |       NA    | Unspecified | NA         |
| Vccaux_io |       1.800 |     0.000 |       0.000 |      0.000 |       NA    | Unspecified | NA         |
| Vccbram   |       1.000 |     0.005 |       0.000 |      0.005 |       NA    | Unspecified | NA         |
| MGTAVcc   |       1.000 |     0.000 |       0.000 |      0.000 |       NA    | Unspecified | NA         |
| MGTAVtt   |       1.200 |     0.000 |       0.000 |      0.000 |       NA    | Unspecified | NA         |
| Vccadc    |       1.800 |     0.020 |       0.000 |      0.020 |       NA    | Unspecified | NA         |
+-----------+-------------+-----------+-------------+------------+-------------+-------------+------------+


1.3 Confidence Level
--------------------

+-----------------------------+------------+--------------------------------------------------------+--------------------------------------------------------------------------------------------------------------------+
| User Input Data             | Confidence | Details                                                | Action                                                                                                             |
+-----------------------------+------------+--------------------------------------------------------+--------------------------------------------------------------------------------------------------------------------+
| Design implementation state | High       | Design is routed                                       |                                                                                                                    |
| Clock nodes activity        | Low        | User specified less than 75% of clocks                 | Provide missing clock activity with a constraint file, simulation results or by editing the "By Clock Domain" view |
| I/O nodes activity          | Low        | More than 75% of inputs are missing user specification | Provide missing input activity with simulation results or by editing the "By Resource Type -> I/Os" view           |
| Internal nodes activity     | Medium     | User specified less than 25% of internal nodes         | Provide missing internal nodes activity with simulation results or by editing the "By Resource Type" views         |
| Device models               | High       | Device models are Production                           |                                                                                                                    |
|                             |            |                                                        |                                                                                                                    |
| Overall confidence level    | Low        |                                                        |                                                                                                                    |
+-----------------------------+------------+--------------------------------------------------------+--------------------------------------------------------------------------------------------------------------------+


2. Settings
-----------

2.1 Environment
---------------

+-----------------------+--------------------------+
| Ambient Temp (C)      | 25.0                     |
| ThetaJA (C/W)         | 5.0                      |
| Airflow (LFM)         | 250                      |
| Heat Sink             | medium (Medium Profile)  |
| ThetaSA (C/W)         | 4.6                      |
| Board Selection       | medium (10"x10")         |
| # of Board Layers     | 12to15 (12 to 15 Layers) |
| Board Temperature (C) | 25.0                     |
+-----------------------+--------------------------+


2.2 Clock Constraints
---------------------

+-------+--------+-----------------+
| Clock | Domain | Constraint (ns) |
+-------+--------+-----------------+


3. Detailed Reports
-------------------

3.1 By Hierarchy
----------------

+---------------------------------+-----------+
| Name                            | Power (W) |
+---------------------------------+-----------+
| gaussian_filter                 |    15.253 |
|   line_buffer0_reg_0_63_0_2     |     0.008 |
|   line_buffer0_reg_0_63_3_5     |     0.008 |
|   line_buffer0_reg_0_63_6_8     |     0.009 |
|   line_buffer0_reg_0_63_9_11    |     0.009 |
|   line_buffer0_reg_128_191_0_2  |     0.008 |
|   line_buffer0_reg_128_191_3_5  |     0.009 |
|   line_buffer0_reg_128_191_6_8  |     0.009 |
|   line_buffer0_reg_128_191_9_11 |     0.008 |
|   line_buffer0_reg_192_255_0_2  |     0.008 |
|   line_buffer0_reg_192_255_3_5  |     0.008 |
|   line_buffer0_reg_192_255_6_8  |     0.009 |
|   line_buffer0_reg_192_255_9_11 |     0.008 |
|   line_buffer0_reg_256_319_0_2  |     0.009 |
|   line_buffer0_reg_256_319_3_5  |     0.009 |
|   line_buffer0_reg_256_319_6_8  |     0.009 |
|   line_buffer0_reg_256_319_9_11 |     0.008 |
|   line_buffer0_reg_64_127_0_2   |     0.007 |
|   line_buffer0_reg_64_127_3_5   |     0.008 |
|   line_buffer0_reg_64_127_6_8   |     0.008 |
|   line_buffer0_reg_64_127_9_11  |     0.008 |
|   line_buffer1_reg_0_63_0_2     |     0.008 |
|   line_buffer1_reg_0_63_3_5     |     0.010 |
|   line_buffer1_reg_0_63_6_8     |     0.009 |
|   line_buffer1_reg_0_63_9_11    |     0.008 |
|   line_buffer1_reg_128_191_0_2  |     0.008 |
|   line_buffer1_reg_128_191_3_5  |     0.009 |
|   line_buffer1_reg_128_191_6_8  |     0.008 |
|   line_buffer1_reg_128_191_9_11 |     0.008 |
|   line_buffer1_reg_192_255_0_2  |     0.008 |
|   line_buffer1_reg_192_255_3_5  |     0.008 |
|   line_buffer1_reg_192_255_6_8  |     0.007 |
|   line_buffer1_reg_192_255_9_11 |     0.008 |
|   line_buffer1_reg_256_319_0_2  |     0.007 |
|   line_buffer1_reg_256_319_3_5  |     0.009 |
|   line_buffer1_reg_256_319_6_8  |     0.009 |
|   line_buffer1_reg_256_319_9_11 |     0.008 |
|   line_buffer1_reg_64_127_0_2   |     0.009 |
|   line_buffer1_reg_64_127_3_5   |     0.007 |
|   line_buffer1_reg_64_127_6_8   |     0.008 |
|   line_buffer1_reg_64_127_9_11  |     0.008 |
+---------------------------------+-----------+


