Copyright 1986-2020 Xilinx, Inc. All Rights Reserved.
-----------------------------------------------------------------------------------------------------
| Tool Version : Vivado v.2020.2 (win64) Build 3064766 Wed Nov 18 09:12:45 MST 2020
| Date         : Mon Jun  2 17:41:05 2025
| Host         : DESKTOP-7CFQ9ND running 64-bit major release  (build 9200)
| Command      : report_control_sets -verbose -file gaussian_filter_pipeline_control_sets_placed.rpt
| Design       : gaussian_filter_pipeline
| Device       : xc7a35t
-----------------------------------------------------------------------------------------------------

Control Set Information

Table of Contents
-----------------
1. Summary
2. Histogram
3. Flip-Flop Distribution
4. Detailed Control Set Information

1. Summary
----------

+----------------------------------------------------------+-------+
|                          Status                          | Count |
+----------------------------------------------------------+-------+
| Total control sets                                       |     4 |
|    Minimum number of control sets                        |     4 |
|    Addition due to synthesis replication                 |     0 |
|    Addition due to physical synthesis replication        |     0 |
| Unused register locations in slices containing registers |    15 |
+----------------------------------------------------------+-------+
* Control sets can be merged at opt_design using control_set_merge or merge_equivalent_drivers
** Run report_qor_suggestions for automated merging and remapping suggestions


2. Histogram
------------

+--------------------+-------+
|       Fanout       | Count |
+--------------------+-------+
| Total control sets |     4 |
| >= 0 to < 4        |     0 |
| >= 4 to < 6        |     1 |
| >= 6 to < 8        |     0 |
| >= 8 to < 10       |     0 |
| >= 10 to < 12      |     0 |
| >= 12 to < 14      |     0 |
| >= 14 to < 16      |     0 |
| >= 16              |     3 |
+--------------------+-------+
* Control sets can be remapped at either synth_design or opt_design


3. Flip-Flop Distribution
-------------------------

+--------------+-----------------------+------------------------+-----------------+--------------+
| Clock Enable | Synchronous Set/Reset | Asynchronous Set/Reset | Total Registers | Total Slices |
+--------------+-----------------------+------------------------+-----------------+--------------+
| No           | No                    | No                     |               0 |            0 |
| No           | No                    | Yes                    |               0 |            0 |
| No           | Yes                   | No                     |               0 |            0 |
| Yes          | No                    | No                     |               8 |            2 |
| Yes          | No                    | Yes                    |             177 |           44 |
| Yes          | Yes                   | No                     |               0 |            0 |
+--------------+-----------------------+------------------------+-----------------+--------------+


4. Detailed Control Set Information
-----------------------------------

+----------------+---------------+----------------------+------------------+----------------+--------------+
|  Clock Signal  | Enable Signal |   Set/Reset Signal   | Slice Load Count | Bel Load Count | Bels / Slice |
+----------------+---------------+----------------------+------------------+----------------+--------------+
|  clk_IBUF_BUFG | row_count     | line2[31][7]_i_2_n_0 |                1 |              5 |         5.00 |
|  clk_IBUF_BUFG | col_count0    |                      |                2 |             16 |         8.00 |
|  clk_IBUF_BUFG | enable_IBUF   | line2[31][7]_i_2_n_0 |               21 |             81 |         3.86 |
|  clk_IBUF_BUFG | col_count0    | line2[31][7]_i_2_n_0 |               22 |             91 |         4.14 |
+----------------+---------------+----------------------+------------------+----------------+--------------+


